INFO Starting application...
2024-12-06 08:45:01,234 INFO [MainThread] Starting application...
2024-12-06 08:45:03,678 INFO [MainThread] Connecting to database...
2024-12-06 08:45:04,234 INFO [DatabaseThread] Database connection established successfully.
2024-12-06 08:45:06,678 WARNING [MainThread] Slow network response detected.
2024-12-06 08:45:10,345 ERROR [NetworkThread] Timeout occurred while fetching data from the server. Retrying...
2024-12-06 08:45:15,678 INFO [MainThread] Data fetch successful.
2024-12-06 08:45:18,234 INFO [MainThread] Application completed successfully.
2024-12-06 08:45:20,000 INFO [MainThread] Shutting down application...
2024-12-06 08:45:21,123 INFO [MainThread] Application shutdown complete.
2024-12-06 08:45:22,678 INFO [NetworkThread] Checking for new updates...
2024-12-06 08:45:23,234 INFO [UpdateThread] Downloading update package...
2024-12-06 08:45:25,678 ERROR [NetworkThread] Network error while downloading the update package. Retrying...
2024-12-06 08:45:30,123 INFO [NetworkThread] Downloading update package...
2024-12-06 08:45:32,345 WARNING [UpdateThread] Update package size is large, installation may take longer than expected.
2024-12-06 08:45:35,678 INFO [MainThread] Installation of update package started...
2024-12-06 08:45:37,234 INFO [InstallationThread] Extracting files from the update package...
2024-12-06 08:45:40,567 INFO [InstallationThread] Files extracted successfully, starting installation...
2024-12-06 08:45:45,678 INFO [MainThread] Installation completed successfully.
2024-12-06 08:45:47,234 INFO [MainThread] Restarting application to apply updates...
2024-12-06 08:45:50,678 INFO [MainThread] Application restarted successfully.
2024-12-06 08:45:55,234 INFO [MainThread] Reconnecting to database after update...
2024-12-06 08:45:58,234 INFO [DatabaseThread] Reconnection to the database successful.
2024-12-06 08:46:00,345 INFO [NetworkThread] Synchronizing data with remote server...
2024-12-06 08:46:05,678 INFO [SyncThread] Data synchronization started...
2024-12-06 08:46:10,234 WARNING [SyncThread] Large data set detected, synchronization might take a while.



